<?xml version="1.0" encoding="UTF-8"?>
<testng-results ignored="0" total="1" passed="1" failed="0" skipped="0">
  <reporter-output>
  </reporter-output>
  <suite started-at="2024-07-30T13:45:02 IST" name="Default suite" finished-at="2024-07-30T13:45:37 IST" duration-ms="35530">
    <groups>
    </groups>
    <test started-at="2024-07-30T13:45:02 IST" name="Default test" finished-at="2024-07-30T13:45:37 IST" duration-ms="35530">
      <class name="Bookingtestpkg.Bookingtest">
        <test-method is-config="true" signature="setup()[pri:0, instance:Bookingtestpkg.Bookingtest@368247b9]" started-at="2024-07-30T13:45:02 IST" name="setup" finished-at="2024-07-30T13:45:19 IST" duration-ms="16910" status="PASS">
          <reporter-output>
          </reporter-output>
        </test-method> <!-- setup -->
        <test-method signature="test()[pri:0, instance:Bookingtestpkg.Bookingtest@368247b9]" started-at="2024-07-30T13:45:19 IST" name="test" finished-at="2024-07-30T13:45:37 IST" duration-ms="18471" status="PASS">
          <reporter-output>
          </reporter-output>
        </test-method> <!-- test -->
      </class> <!-- Bookingtestpkg.Bookingtest -->
    </test> <!-- Default test -->
  </suite> <!-- Default suite -->
</testng-results>
